CRITICAL - 2025-03-14 10:33:53 --> ErrorException: Undefined variable $notification
[Method: POST, Route: update_user]
in APPPATH\Controllers\Admin.php on line 166.
 1 APPPATH\Controllers\Admin.php(166): CodeIgniter\Debug\Exceptions->errorHandler(2, 'Undefined variable $notification', 'C:\\xampp\\htdocs\\Samar-Online-Radio\\app\\Controllers\\Admin.php', 166)
 2 SYSTEMPATH\CodeIgniter.php(933): App\Controllers\Admin->update_user()
 3 SYSTEMPATH\CodeIgniter.php(507): CodeIgniter\CodeIgniter->runController(Object(App\Controllers\Admin))
 4 SYSTEMPATH\CodeIgniter.php(354): CodeIgniter\CodeIgniter->handleRequest(null, Object(Config\Cache), false)
 5 SYSTEMPATH\Boot.php(334): CodeIgniter\CodeIgniter->run()
 6 SYSTEMPATH\Boot.php(67): CodeIgniter\Boot::runCodeIgniter(Object(CodeIgniter\CodeIgniter))
 7 FCPATH\index.php(56): CodeIgniter\Boot::bootWeb(Object(Config\Paths))
CRITICAL - 2025-03-14 10:36:29 --> ErrorException: Undefined variable $notification
[Method: POST, Route: update_user]
in APPPATH\Controllers\Admin.php on line 166.
 1 APPPATH\Controllers\Admin.php(166): CodeIgniter\Debug\Exceptions->errorHandler(2, 'Undefined variable $notification', 'C:\\xampp\\htdocs\\Samar-Online-Radio\\app\\Controllers\\Admin.php', 166)
 2 SYSTEMPATH\CodeIgniter.php(933): App\Controllers\Admin->update_user()
 3 SYSTEMPATH\CodeIgniter.php(507): CodeIgniter\CodeIgniter->runController(Object(App\Controllers\Admin))
 4 SYSTEMPATH\CodeIgniter.php(354): CodeIgniter\CodeIgniter->handleRequest(null, Object(Config\Cache), false)
 5 SYSTEMPATH\Boot.php(334): CodeIgniter\CodeIgniter->run()
 6 SYSTEMPATH\Boot.php(67): CodeIgniter\Boot::runCodeIgniter(Object(CodeIgniter\CodeIgniter))
 7 FCPATH\index.php(56): CodeIgniter\Boot::bootWeb(Object(Config\Paths))
